<?xml version="1.0" encoding="UTF-8"?>
<!-- Generated by org.testng.reporters.JUnitXMLReporter -->
<testsuite ignored="0" hostname="Deepu-PC" failures="0" tests="3" name="Default test" time="8.74" errors="0" timestamp="2022-09-19T23:11:53 EDT">
  <testcase classname="testScripts.CreatePollTestCase" name="registerTestCase" time="1.61"/>
  <testcase classname="testScripts.CreatePollTestCase" name="registerTestCase" time="0.9"/>
  <testcase classname="testScripts.CreatePollTestCase" name="registerTestCase" time="0.983"/>
</testsuite> <!-- Default test -->
