<?xml version="1.0" encoding="UTF-8"?>
<testng-results ignored="0" total="3" passed="3" failed="0" skipped="0">
  <reporter-output>
  </reporter-output>
  <suite started-at="2022-10-30T17:28:00 EDT" name="Default suite" finished-at="2022-10-30T17:29:56 EDT" duration-ms="115816">
    <groups>
    </groups>
    <test started-at="2022-10-30T17:28:00 EDT" name="Default test" finished-at="2022-10-30T17:29:56 EDT" duration-ms="115816">
      <class name="testScripts.CreatePollTestCase">
        <test-method is-config="true" signature="setUpBrowser(java.lang.String)[pri:0, instance:testScripts.CreatePollTestCase@3427b02d]" started-at="2022-10-30T17:28:00 EDT" name="setUpBrowser" finished-at="2022-10-30T17:28:03 EDT" duration-ms="2424" status="PASS">
          <params>
            <param index="0">
              <value>
                <![CDATA[chrome]]>
              </value>
            </param>
          </params>
          <reporter-output>
          </reporter-output>
        </test-method> <!-- setUpBrowser -->
        <test-method is-config="true" signature="testCase(java.lang.String)[pri:0, instance:testScripts.CreatePollTestCase@3427b02d]" started-at="2022-10-30T17:28:03 EDT" name="testCase" finished-at="2022-10-30T17:28:15 EDT" duration-ms="12233" status="PASS">
          <params>
            <param index="0">
              <value>
                <![CDATA[ITManager]]>
              </value>
            </param>
          </params>
          <reporter-output>
          </reporter-output>
        </test-method> <!-- testCase -->
        <test-method signature="registerTestCase(java.lang.String,java.lang.String,java.lang.String,java.lang.String,java.lang.String,java.lang.String,java.lang.String,java.lang.String,java.lang.String,java.lang.String,java.lang.String,java.lang.String)[pri:0, instance:testScripts.CreatePollTestCase@3427b02d]" started-at="2022-10-30T17:28:15 EDT" name="registerTestCase" data-provider="Register" finished-at="2022-10-30T17:28:33 EDT" duration-ms="17369" status="PASS">
          <params>
            <param index="0">
              <value>
                <![CDATA[quiz one]]>
              </value>
            </param>
            <param index="1">
              <value>
                <![CDATA[one desc]]>
              </value>
            </param>
            <param index="2">
              <value>
                <![CDATA[name of green veg]]>
              </value>
            </param>
            <param index="3">
              <value>
                <![CDATA[carrot]]>
              </value>
            </param>
            <param index="4">
              <value>
                <![CDATA[beetroot]]>
              </value>
            </param>
            <param index="5">
              <value>
                <![CDATA[brocolli]]>
              </value>
            </param>
            <param index="6">
              <value>
                <![CDATA[chilli]]>
              </value>
            </param>
            <param index="7">
              <value>
                <![CDATA[motor used in fan]]>
              </value>
            </param>
            <param index="8">
              <value>
                <![CDATA[single phase induction motor]]>
              </value>
            </param>
            <param index="9">
              <value>
                <![CDATA[laptop is handy]]>
              </value>
            </param>
            <param index="10">
              <value>
                <![CDATA[fill in the ]]>
              </value>
            </param>
            <param index="11">
              <value>
                <![CDATA[blanks]]>
              </value>
            </param>
          </params>
          <reporter-output>
          </reporter-output>
        </test-method> <!-- registerTestCase -->
        <test-method is-config="true" signature="log()[pri:0, instance:testScripts.CreatePollTestCase@3427b02d]" started-at="2022-10-30T17:28:33 EDT" name="log" finished-at="2022-10-30T17:28:41 EDT" duration-ms="8086" status="PASS">
          <reporter-output>
          </reporter-output>
        </test-method> <!-- log -->
        <test-method is-config="true" signature="testCase(java.lang.String)[pri:0, instance:testScripts.CreatePollTestCase@3427b02d]" started-at="2022-10-30T17:28:41 EDT" name="testCase" finished-at="2022-10-30T17:28:53 EDT" duration-ms="12167" status="PASS">
          <params>
            <param index="0">
              <value>
                <![CDATA[ITManager]]>
              </value>
            </param>
          </params>
          <reporter-output>
          </reporter-output>
        </test-method> <!-- testCase -->
        <test-method signature="registerTestCase(java.lang.String,java.lang.String,java.lang.String,java.lang.String,java.lang.String,java.lang.String,java.lang.String,java.lang.String,java.lang.String,java.lang.String,java.lang.String,java.lang.String)[pri:0, instance:testScripts.CreatePollTestCase@3427b02d]" started-at="2022-10-30T17:28:53 EDT" name="registerTestCase" data-provider="Register" finished-at="2022-10-30T17:29:10 EDT" duration-ms="17285" status="PASS">
          <params>
            <param index="0">
              <value>
                <![CDATA[quiz2]]>
              </value>
            </param>
            <param index="1">
              <value>
                <![CDATA[two desc]]>
              </value>
            </param>
            <param index="2">
              <value>
                <![CDATA[colour of canada flag]]>
              </value>
            </param>
            <param index="3">
              <value>
                <![CDATA[white]]>
              </value>
            </param>
            <param index="4">
              <value>
                <![CDATA[red]]>
              </value>
            </param>
            <param index="5">
              <value>
                <![CDATA[blue]]>
              </value>
            </param>
            <param index="6">
              <value>
                <![CDATA[green]]>
              </value>
            </param>
            <param index="7">
              <value>
                <![CDATA[No of bones in human body]]>
              </value>
            </param>
            <param index="8">
              <value>
                <![CDATA[206.0]]>
              </value>
            </param>
            <param index="9">
              <value>
                <![CDATA[heart is in the right]]>
              </value>
            </param>
            <param index="10">
              <value>
                <![CDATA[female hormone is]]>
              </value>
            </param>
            <param index="11">
              <value>
                <![CDATA[oxytozin]]>
              </value>
            </param>
          </params>
          <reporter-output>
          </reporter-output>
        </test-method> <!-- registerTestCase -->
        <test-method is-config="true" signature="log()[pri:0, instance:testScripts.CreatePollTestCase@3427b02d]" started-at="2022-10-30T17:29:10 EDT" name="log" finished-at="2022-10-30T17:29:19 EDT" duration-ms="8122" status="PASS">
          <reporter-output>
          </reporter-output>
        </test-method> <!-- log -->
        <test-method is-config="true" signature="testCase(java.lang.String)[pri:0, instance:testScripts.CreatePollTestCase@3427b02d]" started-at="2022-10-30T17:29:19 EDT" name="testCase" finished-at="2022-10-30T17:29:31 EDT" duration-ms="12159" status="PASS">
          <params>
            <param index="0">
              <value>
                <![CDATA[ITManager]]>
              </value>
            </param>
          </params>
          <reporter-output>
          </reporter-output>
        </test-method> <!-- testCase -->
        <test-method signature="registerTestCase(java.lang.String,java.lang.String,java.lang.String,java.lang.String,java.lang.String,java.lang.String,java.lang.String,java.lang.String,java.lang.String,java.lang.String,java.lang.String,java.lang.String)[pri:0, instance:testScripts.CreatePollTestCase@3427b02d]" started-at="2022-10-30T17:29:31 EDT" name="registerTestCase" data-provider="Register" finished-at="2022-10-30T17:29:48 EDT" duration-ms="17374" status="PASS">
          <params>
            <param index="0">
              <value>
                <![CDATA[quiz3]]>
              </value>
            </param>
            <param index="1">
              <value>
                <![CDATA[three desc]]>
              </value>
            </param>
            <param index="2">
              <value>
                <![CDATA[logo of canada flag]]>
              </value>
            </param>
            <param index="3">
              <value>
                <![CDATA[maple leaf]]>
              </value>
            </param>
            <param index="4">
              <value>
                <![CDATA[maple bark]]>
              </value>
            </param>
            <param index="5">
              <value>
                <![CDATA[maple fruit]]>
              </value>
            </param>
            <param index="6">
              <value>
                <![CDATA[maple stem]]>
              </value>
            </param>
            <param index="7">
              <value>
                <![CDATA[inventer of computer]]>
              </value>
            </param>
            <param index="8">
              <value>
                <![CDATA[Charles babbage]]>
              </value>
            </param>
            <param index="9">
              <value>
                <![CDATA[cactus needs water]]>
              </value>
            </param>
            <param index="10">
              <value>
                <![CDATA[christmas is in]]>
              </value>
            </param>
            <param index="11">
              <value>
                <![CDATA[dec]]>
              </value>
            </param>
          </params>
          <reporter-output>
          </reporter-output>
        </test-method> <!-- registerTestCase -->
        <test-method is-config="true" signature="log()[pri:0, instance:testScripts.CreatePollTestCase@3427b02d]" started-at="2022-10-30T17:29:48 EDT" name="log" finished-at="2022-10-30T17:29:56 EDT" duration-ms="8085" status="PASS">
          <reporter-output>
          </reporter-output>
        </test-method> <!-- log -->
        <test-method is-config="true" signature="browserTearDown()[pri:0, instance:testScripts.CreatePollTestCase@3427b02d]" started-at="2022-10-30T17:29:56 EDT" name="browserTearDown" finished-at="2022-10-30T17:29:56 EDT" duration-ms="109" status="PASS">
          <reporter-output>
          </reporter-output>
        </test-method> <!-- browserTearDown -->
      </class> <!-- testScripts.CreatePollTestCase -->
    </test> <!-- Default test -->
  </suite> <!-- Default suite -->
</testng-results>
